<?xml version="1.0" encoding="UTF-8"?>
<!-- Generated by org.testng.reporters.JUnitXMLReporter -->
<testsuite ignored="0" hostname="localhost.localdomain" failures="1" tests="10" name="Wapp" time="13.115" errors="0" timestamp="2021-08-05T13:16:38 IST">
  <testcase classname="wapp.WAPP_StaticTreeAPI" name="status200AndContentJSON" time="3.181"/>
  <testcase classname="wapp.WAPP_LocationTreeAPI" name="status200AndContentJSON" time="0.982"/>
  <testcase classname="wapp.WAPP_FCOCountriesAPI" name="status200AndContentJSON" time="1.194"/>
  <testcase classname="wapp.WAPP_FCOCountriesAllAPI" name="status200AndContentJSON" time="1.196"/>
  <testcase classname="wapp.WAPP_PriceStaticTreeAPI" name="status200AndContentJSON" time="1.275"/>
  <testcase classname="wapp.WAPP_FCOStaticVersionExpireAPI" name="status200AndContentJSON" time="0.864"/>
  <testcase classname="wapp.WAPP_PriceStatusAPI" name="status200AndContentJSON" time="1.137"/>
  <testcase classname="wapp.WAPP_PriceChangeLogsAPI" name="status200AndContentJSON" time="1.177"/>
  <testcase classname="wapp.WAPP_FactorPopup" name="status200AndContentJSON" time="0.945">
    <failure type="java.lang.AssertionError" message="1 expectation failed.
Expected content-type &amp;quot;JSON&amp;quot; doesn&amp;apos;t match actual content-type &amp;quot;&amp;quot;.
">
      <![CDATA[java.lang.AssertionError: 1 expectation failed.
Expected content-type "JSON" doesn't match actual content-type "".

at org.codehaus.groovy.runtime.callsite.ConstructorSite$ConstructorSiteNoUnwrap.callConstructor(ConstructorSite.java:84)
at org.codehaus.groovy.runtime.callsite.CallSiteArray.defaultCallConstructor(CallSiteArray.java:59)
at org.codehaus.groovy.runtime.callsite.AbstractCallSite.callConstructor(AbstractCallSite.java:263)
at org.codehaus.groovy.runtime.callsite.AbstractCallSite.callConstructor(AbstractCallSite.java:277)
at io.restassured.internal.ResponseSpecificationImpl$HamcrestAssertionClosure.validate(ResponseSpecificationImpl.groovy:493)
at io.restassured.internal.ResponseSpecificationImpl$HamcrestAssertionClosure$validate$1.call(Unknown Source)
at io.restassured.internal.ResponseSpecificationImpl.validate(ResponseSpecificationImpl.groovy:92)
at io.restassured.internal.ValidatableResponseOptionsImpl.spec(ValidatableResponseOptionsImpl.java:288)
at io.restassured.internal.ValidatableResponseImpl.super$2$spec(ValidatableResponseImpl.groovy)
at groovy.lang.MetaMethod.doMethodInvoke(MetaMethod.java:323)
at groovy.lang.MetaClassImpl.invokeMethod(MetaClassImpl.java:1268)
at org.codehaus.groovy.runtime.ScriptBytecodeAdapter.invokeMethodOnSuperN(ScriptBytecodeAdapter.java:144)
at io.restassured.internal.ValidatableResponseImpl.spec(ValidatableResponseImpl.groovy:76)
at io.restassured.internal.ValidatableResponseImpl.spec(ValidatableResponseImpl.groovy)
at wapp.WAPP_FactorPopup.status200AndContentJSON(WAPP_FactorPopup.java:29)
at java.base/java.util.ArrayList.forEach(ArrayList.java:1541)
... Removed 42 stack frames]]>
    </failure>
  </testcase> <!-- status200AndContentJSON -->
  <testcase classname="wapp.WAPP_FactorPopupAll" name="status200AndContentJSON" time="1.132"/>
</testsuite> <!-- Wapp -->
